-encoding
UTF-8
-outxml
-source
1.7
-target
1.7
-classpath
/home/sutil/.m2/repository/com/google/guava/guava/13.0/guava-13.0.jar:/home/sutil/.m2/repository/com/google/code/findbugs/jsr305/2.0.1/jsr305-2.0.1.jar:/home/sutil/.m2/repository/joda-time/joda-time/2.1/joda-time-2.1.jar:/home/sutil/.m2/repository/org/slf4j/slf4j-api/1.7.1/slf4j-api-1.7.1.jar:/home/sutil/.m2/repository/org/slf4j/jcl-over-slf4j/1.7.1/jcl-over-slf4j-1.7.1.jar:/home/sutil/.m2/repository/org/slf4j/jul-to-slf4j/1.7.1/jul-to-slf4j-1.7.1.jar:/home/sutil/.m2/repository/ch/qos/logback/logback-core/1.0.7/logback-core-1.0.7.jar:/home/sutil/.m2/repository/ch/qos/logback/logback-classic/1.0.7/logback-classic-1.0.7.jar:/home/sutil/.m2/repository/org/aspectj/aspectjrt/1.7.0/aspectjrt-1.7.0.jar:/home/sutil/.m2/repository/org/aspectj/aspectjweaver/1.7.0/aspectjweaver-1.7.0.jar:/home/sutil/.m2/repository/org/springframework/spring-core/3.1.1.RELEASE/spring-core-3.1.1.RELEASE.jar:/home/sutil/.m2/repository/org/springframework/spring-beans/3.1.1.RELEASE/spring-beans-3.1.1.RELEASE.jar:/home/sutil/.m2/repository/org/springframework/spring-context/3.1.1.RELEASE/spring-context-3.1.1.RELEASE.jar:/home/sutil/.m2/repository/org/springframework/spring-expression/3.1.1.RELEASE/spring-expression-3.1.1.RELEASE.jar:/home/sutil/.m2/repository/org/springframework/spring-aop/3.1.1.RELEASE/spring-aop-3.1.1.RELEASE.jar:/home/sutil/.m2/repository/org/springframework/spring-aspects/3.1.1.RELEASE/spring-aspects-3.1.1.RELEASE.jar:/home/sutil/.m2/repository/org/springframework/spring-web/3.1.1.RELEASE/spring-web-3.1.1.RELEASE.jar:/home/sutil/.m2/repository/org/springframework/spring-webmvc/3.1.1.RELEASE/spring-webmvc-3.1.1.RELEASE.jar:/home/sutil/.m2/repository/org/springframework/spring-tx/3.1.1.RELEASE/spring-tx-3.1.1.RELEASE.jar:/home/sutil/.m2/repository/org/springframework/spring-jdbc/3.1.1.RELEASE/spring-jdbc-3.1.1.RELEASE.jar:/home/sutil/.m2/repository/org/springframework/spring-orm/3.1.1.RELEASE/spring-orm-3.1.1.RELEASE.jar:/home/sutil/.m2/repository/org/hibernate/hibernate-core/3.6.10.Final/hibernate-core-3.6.10.Final.jar:/home/sutil/.m2/repository/org/hibernate/hibernate-entitymanager/3.6.10.Final/hibernate-entitymanager-3.6.10.Final.jar:/home/sutil/.m2/repository/org/hibernate/javax/persistence/hibernate-jpa-2.0-api/1.0.0.Final/hibernate-jpa-2.0-api-1.0.0.Final.jar:/home/sutil/.m2/repository/org/hibernate/hibernate-validator/4.1.0.Final/hibernate-validator-4.1.0.Final.jar:/home/sutil/.m2/repository/javax/validation/validation-api/1.0.0.GA/validation-api-1.0.0.GA.jar:/home/sutil/.m2/repository/commons-collections/commons-collections/3.1/commons-collections-3.1.jar:/home/sutil/.m2/repository/cglib/cglib-nodep/2.2/cglib-nodep-2.2.jar:/home/sutil/.m2/repository/javax/transaction/jta/1.1/jta-1.1.jar:/home/sutil/.m2/repository/org/springframework/webflow/spring-webflow/2.3.1.RELEASE/spring-webflow-2.3.1.RELEASE.jar:/home/sutil/.m2/repository/org/springframework/webflow/spring-faces/2.3.1.RELEASE/spring-faces-2.3.1.RELEASE.jar:/home/sutil/.m2/repository/org/springframework/security/spring-security-core/3.1.3.RELEASE/spring-security-core-3.1.3.RELEASE.jar:/home/sutil/.m2/repository/org/springframework/security/spring-security-config/3.1.3.RELEASE/spring-security-config-3.1.3.RELEASE.jar:/home/sutil/.m2/repository/org/springframework/security/spring-security-web/3.1.3.RELEASE/spring-security-web-3.1.3.RELEASE.jar:/home/sutil/.m2/repository/org/springframework/security/spring-security-taglibs/3.1.3.RELEASE/spring-security-taglibs-3.1.3.RELEASE.jar:/home/sutil/.m2/repository/org/springframework/data/spring-data-jpa/1.2.0.RELEASE/spring-data-jpa-1.2.0.RELEASE.jar:/home/sutil/.m2/repository/com/mysema/querydsl/querydsl-apt/2.7.2/querydsl-apt-2.7.2.jar:/home/sutil/.m2/repository/com/mysema/querydsl/querydsl-jpa/2.7.2/querydsl-jpa-2.7.2.jar:/home/sutil/.m2/repository/org/springframework/integration/spring-integration-core/2.1.3.RELEASE/spring-integration-core-2.1.3.RELEASE.jar:/home/sutil/.m2/repository/org/springframework/integration/spring-integration-jms/2.1.3.RELEASE/spring-integration-jms-2.1.3.RELEASE.jar:/home/sutil/.m2/repository/com/sun/faces/jsf-api/2.1.7/jsf-api-2.1.7.jar:/home/sutil/.m2/repository/com/sun/faces/jsf-impl/2.1.7/jsf-impl-2.1.7.jar:/home/sutil/.m2/repository/javax/servlet/jstl/1.2/jstl-1.2.jar:/home/sutil/.m2/repository/javax/servlet/javax.servlet-api/3.0.1/javax.servlet-api-3.0.1.jar:/home/sutil/.m2/repository/org/primefaces/primefaces/3.4.2/primefaces-3.4.2.jar:/home/sutil/.m2/repository/org/primefaces/themes/bootstrap/1.0.8/bootstrap-1.0.8.jar:/home/sutil/.m2/repository/commons-fileupload/commons-fileupload/1.2.2/commons-fileupload-1.2.2.jar:/home/sutil/.m2/repository/commons-io/commons-io/2.4/commons-io-2.4.jar:/home/sutil/.m2/repository/org/omnifaces/omnifaces/1.1/omnifaces-1.1.jar:/home/sutil/.m2/repository/commons-pool/commons-pool/1.5.4/commons-pool-1.5.4.jar:/home/sutil/.m2/repository/commons-dbcp/commons-dbcp/1.3/commons-dbcp-1.3.jar:/home/sutil/.m2/repository/mysql/mysql-connector-java/5.1.15/mysql-connector-java-5.1.15.jar:/home/sutil/.m2/repository/com/google/code/gson/gson/2.2.4/gson-2.2.4.jar:/home/sutil/.m2/repository/org/springframework/spring-asm/3.1.1.RELEASE/spring-asm-3.1.1.RELEASE.jar:/home/sutil/.m2/repository/aopalliance/aopalliance/1.0/aopalliance-1.0.jar:/home/sutil/.m2/repository/org/springframework/spring-context-support/3.1.1.RELEASE/spring-context-support-3.1.1.RELEASE.jar:/home/sutil/.m2/repository/antlr/antlr/2.7.6/antlr-2.7.6.jar:/home/sutil/.m2/repository/dom4j/dom4j/1.6.1/dom4j-1.6.1.jar:/home/sutil/.m2/repository/org/hibernate/hibernate-commons-annotations/3.2.0.Final/hibernate-commons-annotations-3.2.0.Final.jar:/home/sutil/.m2/repository/javassist/javassist/3.12.0.GA/javassist-3.12.0.GA.jar:/home/sutil/.m2/repository/org/springframework/webflow/spring-binding/2.3.1.RELEASE/spring-binding-2.3.1.RELEASE.jar:/home/sutil/.m2/repository/org/springframework/webflow/spring-js/2.3.1.RELEASE/spring-js-2.3.1.RELEASE.jar:/home/sutil/.m2/repository/org/springframework/webflow/spring-js-resources/2.3.1.RELEASE/spring-js-resources-2.3.1.RELEASE.jar:/home/sutil/.m2/repository/org/springframework/security/spring-security-acl/3.1.3.RELEASE/spring-security-acl-3.1.3.RELEASE.jar:/home/sutil/.m2/repository/org/springframework/data/spring-data-commons-core/1.4.0.RELEASE/spring-data-commons-core-1.4.0.RELEASE.jar:/home/sutil/.m2/repository/com/mysema/querydsl/querydsl-codegen/2.7.2/querydsl-codegen-2.7.2.jar:/home/sutil/.m2/repository/com/mysema/querydsl/querydsl-core/2.7.2/querydsl-core-2.7.2.jar:/home/sutil/.m2/repository/com/mysema/commons/mysema-commons-lang/0.2.3/mysema-commons-lang-0.2.3.jar:/home/sutil/.m2/repository/com/mysema/codegen/codegen/0.5.2/codegen-0.5.2.jar:/home/sutil/.m2/repository/org/eclipse/jdt/core/compiler/ecj/3.7.2/ecj-3.7.2.jar:/home/sutil/.m2/repository/javax/inject/javax.inject/1/javax.inject-1.jar:/home/sutil/.m2/repository/cglib/cglib/2.2/cglib-2.2.jar:/home/sutil/.m2/repository/asm/asm/3.1/asm-3.1.jar:/home/sutil/.m2/repository/org/springframework/spring-jms/3.0.7.RELEASE/spring-jms-3.0.7.RELEASE.jar:/home/sutil/projetos/locar/target/classes
-aspectpath
/home/sutil/.m2/repository/org/springframework/spring-aspects/3.1.1.RELEASE/spring-aspects-3.1.1.RELEASE.jar
-d
/home/sutil/projetos/locar/target/classes
/home/sutil/projetos/locar/src/main/java/br/com/locar/config/root/RepositoryConfig.java
/home/sutil/projetos/locar/src/main/java/br/com/locar/config/root/SteConfig.java
/home/sutil/projetos/locar/src/main/java/br/com/locar/config/root/annotation/Teste.java
/home/sutil/projetos/locar/src/main/java/br/com/locar/config/root/annotation/Desenvolvimento.java
/home/sutil/projetos/locar/src/main/java/br/com/locar/config/root/annotation/Producao.java
/home/sutil/projetos/locar/src/main/java/br/com/locar/config/root/SecurityConfig.java
/home/sutil/projetos/locar/src/main/java/br/com/locar/config/root/database/DatabaseConfig.java
/home/sutil/projetos/locar/src/main/java/br/com/locar/config/root/database/ProducaoDatabaseConfig.java
/home/sutil/projetos/locar/src/main/java/br/com/locar/config/root/database/DesenvolvimentoDatabaseConfig.java
/home/sutil/projetos/locar/src/main/java/br/com/locar/config/root/database/EmbeddedDatabaseConfig.java
/home/sutil/projetos/locar/src/main/java/br/com/locar/config/rest/RestServletConfig.java
/home/sutil/projetos/locar/src/main/java/br/com/locar/config/webflow/WebflowServletConfig.java
/home/sutil/projetos/locar/src/main/java/br/com/locar/app/controller/SegurancaController.java
/home/sutil/projetos/locar/src/main/java/br/com/locar/app/bean/UsuarioBean.java
/home/sutil/projetos/locar/src/main/java/br/com/locar/app/bean/PerfilUsuarioBean.java
/home/sutil/projetos/locar/src/main/java/br/com/locar/app/login/seguranca/Usuario.java
/home/sutil/projetos/locar/src/main/java/br/com/locar/app/login/seguranca/PerfilUsuario.java
/home/sutil/projetos/locar/src/main/java/br/com/locar/app/login/seguranca/Permissao.java
/home/sutil/projetos/locar/src/main/java/br/com/locar/app/login/seguranca/repository/UsuarioRepository.java
/home/sutil/projetos/locar/src/main/java/br/com/locar/app/login/seguranca/springsecurity/PdoUserDetailsService.java
/home/sutil/projetos/locar/src/main/java/br/com/locar/app/login/LoginController.java
/home/sutil/projetos/locar/src/main/java/br/com/locar/app/login/ReaderProperties.java
/home/sutil/projetos/locar/src/main/java/br/com/locar/app/login/LoginErrorPhaseListener.java
/home/sutil/projetos/locar/src/main/java/br/com/locar/app/repository/PerfilUsuarioRepository.java
/home/sutil/projetos/locar/src/main/java/br/com/locar/app/userType/ImmutableUserType.java
/home/sutil/projetos/locar/src/main/java/br/com/locar/app/userType/LocalDateUserType.java
/home/sutil/projetos/locar/src/main/java/br/com/locar/app/converter/PerfilUsuarioConverter.java
/home/sutil/projetos/locar/src/main/java/br/com/locar/app/converter/UsuarioConverter.java
/home/sutil/projetos/locar/src/main/java/br/com/locar/app/converter/PermissaoConverter.java
/home/sutil/projetos/locar/src/main/java/br/com/locar/repository/ListQueryDslPredicateExecutor.java
/home/sutil/projetos/locar/target/generated-sources/java/br/com/locar/app/login/seguranca/QUsuario.java
/home/sutil/projetos/locar/target/generated-sources/java/br/com/locar/app/login/seguranca/QPerfilUsuario.java
